<?xml version="1.0" encoding="UTF-8"?>
<!-- Generated by org.testng.reporters.JUnitXMLReporter -->
<testsuite ignored="0" hostname="Satvicks-MacBook-Pro.local" failures="0" tests="9" name="Default test" time="5.357" errors="0" timestamp="2024-07-18T11:45:21 IST">
  <testcase classname="test.playlist" name="userdetails" time="1.703"/>
  <testcase classname="test.playlist" name="playlistdetails" time="0.405"/>
  <testcase classname="test.playlist" name="createstplaylist" time="0.586"/>
  <testcase classname="test.playlist" name="addtplaylist" time="0.406"/>
  <testcase classname="test.playlist" name="updatetplaylist" time="0.386"/>
  <testcase classname="test.playlist" name="deletetiteamplaylist" time="0.293"/>
  <testcase classname="test.playlist" name="playlistitemdetails" time="0.336"/>
  <testcase classname="test.playlist" name="deleteplaylist" time="0.382"/>
  <testcase classname="test.playlist" name="playlitdetails" time="0.369"/>
</testsuite> <!-- Default test -->
