<?xml version="1.0" encoding="UTF-8"?>
<!-- Generated by org.testng.reporters.JUnitXMLReporter -->
<testsuite ignored="0" hostname="Satvicks-MacBook-Pro.local" failures="0" tests="9" name="Test" time="5.115" errors="0" timestamp="2024-07-23T01:33:12 IST">
  <testcase classname="test.playlist" name="userdetails" time="1.796"/>
  <testcase classname="test.playlist" name="playlistdetails" time="0.35"/>
  <testcase classname="test.playlist" name="createstplaylist" time="0.474"/>
  <testcase classname="test.playlist" name="addtplaylistitems" time="0.399"/>
  <testcase classname="test.playlist" name="updatetplaylistitems" time="0.26"/>
  <testcase classname="test.playlist" name="deletetplaylistitems" time="0.283"/>
  <testcase classname="test.playlist" name="playlistitemdetails" time="0.245"/>
  <testcase classname="test.playlist" name="deleteplaylist" time="0.364"/>
  <testcase classname="test.playlist" name="playlitdetails" time="0.329"/>
</testsuite> <!-- Test -->
