<?xml version="1.0" encoding="UTF-8"?>
<testng-results ignored="0" total="9" passed="9" failed="0" skipped="0">
  <reporter-output>
  </reporter-output>
  <suite started-at="2024-07-22T18:14:26 IST" name="Default suite" finished-at="2024-07-22T18:14:31 IST" duration-ms="5374">
    <groups>
    </groups>
    <test started-at="2024-07-22T18:14:26 IST" name="Default test" finished-at="2024-07-22T18:14:31 IST" duration-ms="5374">
      <class name="test.playlist">
        <test-method is-config="true" signature="setup()[pri:0, instance:test.playlist@7193666c]" started-at="2024-07-22T18:14:26 IST" name="setup" finished-at="2024-07-22T18:14:27 IST" duration-ms="462" status="PASS">
          <reporter-output>
          </reporter-output>
        </test-method> <!-- setup -->
        <test-method signature="userdetails(org.testng.ITestContext)[pri:1, instance:test.playlist@7193666c]" started-at="2024-07-22T18:14:27 IST" name="userdetails" finished-at="2024-07-22T18:14:28 IST" duration-ms="1760" status="PASS">
          <params>
            <param index="0">
              <value>
                <![CDATA[org.testng.TestRunner@5d2a4eed]]>
              </value>
            </param>
          </params>
          <reporter-output>
          </reporter-output>
        </test-method> <!-- userdetails -->
        <test-method signature="playlistdetails(org.testng.ITestContext)[pri:2, instance:test.playlist@7193666c]" started-at="2024-07-22T18:14:28 IST" name="playlistdetails" finished-at="2024-07-22T18:14:29 IST" duration-ms="280" status="PASS">
          <params>
            <param index="0">
              <value>
                <![CDATA[org.testng.TestRunner@5d2a4eed]]>
              </value>
            </param>
          </params>
          <reporter-output>
          </reporter-output>
        </test-method> <!-- playlistdetails -->
        <test-method signature="createstplaylist(org.testng.ITestContext)[pri:3, instance:test.playlist@7193666c]" started-at="2024-07-22T18:14:29 IST" name="createstplaylist" finished-at="2024-07-22T18:14:29 IST" duration-ms="588" status="PASS">
          <params>
            <param index="0">
              <value>
                <![CDATA[org.testng.TestRunner@5d2a4eed]]>
              </value>
            </param>
          </params>
          <reporter-output>
          </reporter-output>
        </test-method> <!-- createstplaylist -->
        <test-method signature="addtplaylistitems(org.testng.ITestContext)[pri:4, instance:test.playlist@7193666c]" started-at="2024-07-22T18:14:29 IST" name="addtplaylistitems" finished-at="2024-07-22T18:14:30 IST" duration-ms="396" status="PASS">
          <params>
            <param index="0">
              <value>
                <![CDATA[org.testng.TestRunner@5d2a4eed]]>
              </value>
            </param>
          </params>
          <reporter-output>
          </reporter-output>
        </test-method> <!-- addtplaylistitems -->
        <test-method signature="updatetplaylistitems(org.testng.ITestContext)[pri:5, instance:test.playlist@7193666c]" started-at="2024-07-22T18:14:30 IST" name="updatetplaylistitems" finished-at="2024-07-22T18:14:30 IST" duration-ms="397" status="PASS">
          <params>
            <param index="0">
              <value>
                <![CDATA[org.testng.TestRunner@5d2a4eed]]>
              </value>
            </param>
          </params>
          <reporter-output>
          </reporter-output>
        </test-method> <!-- updatetplaylistitems -->
        <test-method signature="deletetiteamplaylist(org.testng.ITestContext)[pri:6, instance:test.playlist@7193666c]" started-at="2024-07-22T18:14:30 IST" name="deletetiteamplaylist" finished-at="2024-07-22T18:14:30 IST" duration-ms="382" status="PASS">
          <params>
            <param index="0">
              <value>
                <![CDATA[org.testng.TestRunner@5d2a4eed]]>
              </value>
            </param>
          </params>
          <reporter-output>
          </reporter-output>
        </test-method> <!-- deletetiteamplaylist -->
        <test-method signature="playlistitemdetails(org.testng.ITestContext)[pri:7, instance:test.playlist@7193666c]" started-at="2024-07-22T18:14:30 IST" name="playlistitemdetails" finished-at="2024-07-22T18:14:31 IST" duration-ms="317" status="PASS">
          <params>
            <param index="0">
              <value>
                <![CDATA[org.testng.TestRunner@5d2a4eed]]>
              </value>
            </param>
          </params>
          <reporter-output>
          </reporter-output>
        </test-method> <!-- playlistitemdetails -->
        <test-method signature="deleteplaylist(org.testng.ITestContext)[pri:8, instance:test.playlist@7193666c]" started-at="2024-07-22T18:14:31 IST" name="deleteplaylist" finished-at="2024-07-22T18:14:31 IST" duration-ms="359" status="PASS">
          <params>
            <param index="0">
              <value>
                <![CDATA[org.testng.TestRunner@5d2a4eed]]>
              </value>
            </param>
          </params>
          <reporter-output>
          </reporter-output>
        </test-method> <!-- deleteplaylist -->
        <test-method signature="playlitdetails(org.testng.ITestContext)[pri:9, instance:test.playlist@7193666c]" started-at="2024-07-22T18:14:31 IST" name="playlitdetails" finished-at="2024-07-22T18:14:31 IST" duration-ms="378" status="PASS">
          <params>
            <param index="0">
              <value>
                <![CDATA[org.testng.TestRunner@5d2a4eed]]>
              </value>
            </param>
          </params>
          <reporter-output>
          </reporter-output>
        </test-method> <!-- playlitdetails -->
      </class> <!-- test.playlist -->
    </test> <!-- Default test -->
  </suite> <!-- Default suite -->
</testng-results>
